{"/home/eman/401course/Linkedlist/ll.js": {"path":"/home/eman/401course/Linkedlist/ll.js","statementMap":{"0":{"start":{"line":3,"column":13},"end":{"line":3,"column":30}},"1":{"start":{"line":7,"column":8},"end":{"line":7,"column":24}},"2":{"start":{"line":8,"column":8},"end":{"line":8,"column":25}},"3":{"start":{"line":9,"column":8},"end":{"line":9,"column":24}},"4":{"start":{"line":13,"column":21},"end":{"line":13,"column":34}},"5":{"start":{"line":14,"column":8},"end":{"line":19,"column":9}},"6":{"start":{"line":15,"column":12},"end":{"line":15,"column":29}},"7":{"start":{"line":17,"column":12},"end":{"line":17,"column":34}},"8":{"start":{"line":18,"column":12},"end":{"line":18,"column":28}},"9":{"start":{"line":20,"column":8},"end":{"line":21,"column":29}},"10":{"start":{"line":21,"column":12},"end":{"line":21,"column":29}},"11":{"start":{"line":22,"column":8},"end":{"line":22,"column":25}},"12":{"start":{"line":27,"column":21},"end":{"line":27,"column":34}},"13":{"start":{"line":28,"column":8},"end":{"line":36,"column":9}},"14":{"start":{"line":29,"column":12},"end":{"line":29,"column":29}},"15":{"start":{"line":31,"column":30},"end":{"line":31,"column":39}},"16":{"start":{"line":32,"column":12},"end":{"line":34,"column":13}},"17":{"start":{"line":33,"column":16},"end":{"line":33,"column":47}},"18":{"start":{"line":35,"column":12},"end":{"line":35,"column":36}},"19":{"start":{"line":37,"column":8},"end":{"line":37,"column":25}},"20":{"start":{"line":38,"column":8},"end":{"line":38,"column":25}},"21":{"start":{"line":41,"column":16},"end":{"line":41,"column":18}},"22":{"start":{"line":42,"column":8},"end":{"line":52,"column":9}},"23":{"start":{"line":43,"column":30},"end":{"line":43,"column":39}},"24":{"start":{"line":45,"column":12},"end":{"line":50,"column":13}},"25":{"start":{"line":45,"column":25},"end":{"line":45,"column":26}},"26":{"start":{"line":46,"column":16},"end":{"line":46,"column":48}},"27":{"start":{"line":48,"column":16},"end":{"line":48,"column":47}},"28":{"start":{"line":51,"column":12},"end":{"line":51,"column":28}},"29":{"start":{"line":58,"column":8},"end":{"line":79,"column":9}},"30":{"start":{"line":59,"column":12},"end":{"line":77,"column":17}},"31":{"start":{"line":60,"column":16},"end":{"line":60,"column":33}},"32":{"start":{"line":61,"column":16},"end":{"line":61,"column":33}},"33":{"start":{"line":62,"column":16},"end":{"line":62,"column":31}},"34":{"start":{"line":64,"column":16},"end":{"line":77,"column":17}},"35":{"start":{"line":65,"column":20},"end":{"line":65,"column":47}},"36":{"start":{"line":66,"column":20},"end":{"line":66,"column":36}},"37":{"start":{"line":69,"column":20},"end":{"line":69,"column":53}},"38":{"start":{"line":70,"column":38},"end":{"line":70,"column":47}},"39":{"start":{"line":71,"column":20},"end":{"line":73,"column":21}},"40":{"start":{"line":71,"column":33},"end":{"line":71,"column":34}},"41":{"start":{"line":72,"column":24},"end":{"line":72,"column":55}},"42":{"start":{"line":74,"column":31},"end":{"line":74,"column":52}},"43":{"start":{"line":75,"column":20},"end":{"line":75,"column":44}},"44":{"start":{"line":76,"column":20},"end":{"line":76,"column":37}},"45":{"start":{"line":84,"column":0},"end":{"line":84,"column":28}}},"fnMap":{"0":{"name":"(anonymous_0)","decl":{"start":{"line":6,"column":4},"end":{"line":6,"column":5}},"loc":{"start":{"line":6,"column":18},"end":{"line":10,"column":5}},"line":6},"1":{"name":"(anonymous_1)","decl":{"start":{"line":12,"column":4},"end":{"line":12,"column":5}},"loc":{"start":{"line":12,"column":16},"end":{"line":24,"column":5}},"line":12},"2":{"name":"(anonymous_2)","decl":{"start":{"line":26,"column":4},"end":{"line":26,"column":5}},"loc":{"start":{"line":26,"column":16},"end":{"line":39,"column":5}},"line":26},"3":{"name":"(anonymous_3)","decl":{"start":{"line":40,"column":4},"end":{"line":40,"column":5}},"loc":{"start":{"line":40,"column":16},"end":{"line":53,"column":5}},"line":40},"4":{"name":"(anonymous_4)","decl":{"start":{"line":56,"column":4},"end":{"line":56,"column":5}},"loc":{"start":{"line":56,"column":19},"end":{"line":80,"column":5}},"line":56}},"branchMap":{"0":{"loc":{"start":{"line":14,"column":8},"end":{"line":19,"column":9}},"type":"if","locations":[{"start":{"line":14,"column":8},"end":{"line":19,"column":9}},{"start":{"line":16,"column":15},"end":{"line":19,"column":9}}],"line":14},"1":{"loc":{"start":{"line":20,"column":8},"end":{"line":21,"column":29}},"type":"if","locations":[{"start":{"line":20,"column":8},"end":{"line":21,"column":29}},{"start":{},"end":{}}],"line":20},"2":{"loc":{"start":{"line":28,"column":8},"end":{"line":36,"column":9}},"type":"if","locations":[{"start":{"line":28,"column":8},"end":{"line":36,"column":9}},{"start":{"line":30,"column":15},"end":{"line":36,"column":9}}],"line":28},"3":{"loc":{"start":{"line":42,"column":8},"end":{"line":52,"column":9}},"type":"if","locations":[{"start":{"line":42,"column":8},"end":{"line":52,"column":9}},{"start":{},"end":{}}],"line":42},"4":{"loc":{"start":{"line":58,"column":8},"end":{"line":79,"column":9}},"type":"if","locations":[{"start":{"line":58,"column":8},"end":{"line":79,"column":9}},{"start":{},"end":{}}],"line":58},"5":{"loc":{"start":{"line":59,"column":12},"end":{"line":77,"column":17}},"type":"if","locations":[{"start":{"line":59,"column":12},"end":{"line":77,"column":17}},{"start":{"line":64,"column":16},"end":{"line":77,"column":17}}],"line":59},"6":{"loc":{"start":{"line":64,"column":16},"end":{"line":77,"column":17}},"type":"if","locations":[{"start":{"line":64,"column":16},"end":{"line":77,"column":17}},{"start":{"line":68,"column":21},"end":{"line":77,"column":17}}],"line":64}},"s":{"0":1,"1":10,"2":10,"3":10,"4":13,"5":13,"6":6,"7":7,"8":7,"9":13,"10":6,"11":13,"12":4,"13":4,"14":2,"15":2,"16":2,"17":1,"18":2,"19":4,"20":4,"21":0,"22":0,"23":0,"24":0,"25":0,"26":0,"27":0,"28":0,"29":5,"30":4,"31":1,"32":1,"33":1,"34":3,"35":1,"36":1,"37":2,"38":2,"39":2,"40":2,"41":0,"42":2,"43":2,"44":2,"45":1},"f":{"0":10,"1":13,"2":4,"3":0,"4":5},"b":{"0":[6,7],"1":[6,7],"2":[2,2],"3":[0,0],"4":[4,1],"5":[1,3],"6":[1,2]},"_coverageSchema":"1a1c01bbd47fc00a2c39e90264f33305004495a9","hash":"1d306d17479fb16d01b315d1f21e194057f191d8"}
,"/home/eman/401course/Linkedlist/node.js": {"path":"/home/eman/401course/Linkedlist/node.js","statementMap":{"0":{"start":{"line":5,"column":4},"end":{"line":5,"column":23}},"1":{"start":{"line":6,"column":4},"end":{"line":6,"column":21}},"2":{"start":{"line":10,"column":0},"end":{"line":10,"column":22}}},"fnMap":{"0":{"name":"(anonymous_0)","decl":{"start":{"line":4,"column":2},"end":{"line":4,"column":3}},"loc":{"start":{"line":4,"column":34},"end":{"line":7,"column":3}},"line":4}},"branchMap":{"0":{"loc":{"start":{"line":4,"column":21},"end":{"line":4,"column":32}},"type":"default-arg","locations":[{"start":{"line":4,"column":28},"end":{"line":4,"column":32}}],"line":4}},"s":{"0":18,"1":18,"2":2},"f":{"0":18},"b":{"0":[18]},"_coverageSchema":"1a1c01bbd47fc00a2c39e90264f33305004495a9","hash":"18c36e60c24d5c57b9f1eb5a5b7f1fbed7246aa2"}
}
