TN:
SF:ll.js
FN:6,(anonymous_0)
FN:12,(anonymous_1)
FN:26,(anonymous_2)
FN:40,(anonymous_3)
FN:56,(anonymous_4)
FN:82,(anonymous_5)
FNF:6
FNH:5
FNDA:14,(anonymous_0)
FNDA:24,(anonymous_1)
FNDA:5,(anonymous_2)
FNDA:0,(anonymous_3)
FNDA:5,(anonymous_4)
FNDA:4,(anonymous_5)
DA:3,1
DA:7,14
DA:8,14
DA:9,14
DA:13,24
DA:14,24
DA:15,10
DA:17,14
DA:18,14
DA:20,24
DA:21,10
DA:22,24
DA:27,5
DA:28,5
DA:29,2
DA:31,3
DA:32,3
DA:33,2
DA:35,3
DA:37,5
DA:38,5
DA:41,0
DA:42,0
DA:43,0
DA:45,0
DA:46,0
DA:48,0
DA:51,0
DA:58,5
DA:59,4
DA:60,1
DA:61,1
DA:62,1
DA:64,3
DA:65,1
DA:66,1
DA:69,2
DA:70,2
DA:71,2
DA:72,0
DA:74,2
DA:75,2
DA:76,2
DA:83,4
DA:84,1
DA:87,3
DA:88,2
DA:91,1
DA:92,1
DA:93,1
DA:94,0
DA:96,1
DA:97,1
DA:98,1
DA:105,1
LF:55
LH:46
BRDA:14,0,0,10
BRDA:14,0,1,14
BRDA:20,1,0,10
BRDA:20,1,1,14
BRDA:28,2,0,2
BRDA:28,2,1,3
BRDA:42,3,0,0
BRDA:42,3,1,0
BRDA:58,4,0,4
BRDA:58,4,1,1
BRDA:59,5,0,1
BRDA:59,5,1,3
BRDA:64,6,0,1
BRDA:64,6,1,2
BRDA:83,7,0,1
BRDA:83,7,1,3
BRDA:87,8,0,2
BRDA:87,8,1,1
BRDA:87,9,0,3
BRDA:87,9,1,2
BRF:20
BRH:18
end_of_record
TN:
SF:node.js
FN:4,(anonymous_0)
FNF:1
FNH:1
FNDA:31,(anonymous_0)
DA:5,31
DA:6,31
DA:10,2
LF:3
LH:3
BRDA:4,0,0,31
BRF:1
BRH:1
end_of_record
