TN:
SF:ll.js
FN:6,(anonymous_0)
FN:12,(anonymous_1)
FN:26,(anonymous_2)
FN:40,(anonymous_3)
FN:56,(anonymous_4)
FNF:5
FNH:4
FNDA:10,(anonymous_0)
FNDA:13,(anonymous_1)
FNDA:4,(anonymous_2)
FNDA:0,(anonymous_3)
FNDA:5,(anonymous_4)
DA:3,1
DA:7,10
DA:8,10
DA:9,10
DA:13,13
DA:14,13
DA:15,6
DA:17,7
DA:18,7
DA:20,13
DA:21,6
DA:22,13
DA:27,4
DA:28,4
DA:29,2
DA:31,2
DA:32,2
DA:33,1
DA:35,2
DA:37,4
DA:38,4
DA:41,0
DA:42,0
DA:43,0
DA:45,0
DA:46,0
DA:48,0
DA:51,0
DA:58,5
DA:59,4
DA:60,1
DA:61,1
DA:62,1
DA:64,3
DA:65,1
DA:66,1
DA:69,2
DA:70,2
DA:71,2
DA:72,0
DA:74,2
DA:75,2
DA:76,2
DA:84,1
LF:44
LH:36
BRDA:14,0,0,6
BRDA:14,0,1,7
BRDA:20,1,0,6
BRDA:20,1,1,7
BRDA:28,2,0,2
BRDA:28,2,1,2
BRDA:42,3,0,0
BRDA:42,3,1,0
BRDA:58,4,0,4
BRDA:58,4,1,1
BRDA:59,5,0,1
BRDA:59,5,1,3
BRDA:64,6,0,1
BRDA:64,6,1,2
BRF:14
BRH:12
end_of_record
TN:
SF:node.js
FN:4,(anonymous_0)
FNF:1
FNH:1
FNDA:18,(anonymous_0)
DA:5,18
DA:6,18
DA:10,2
LF:3
LH:3
BRDA:4,0,0,18
BRF:1
BRH:1
end_of_record
